<?xml version='1.0' encoding='UTF-8'?>
<testsuite hostname="Silvios-MacBook-Air.local" name="com.sbt.SimpleTest" tests="1" errors="0" failures="0" skipped="0" time="0.015" timestamp="2022-12-14T18:52:15">
          <properties>
[...]
</properties>
          <testcase classname="com.sbt.SimpleTest" name="This is a simple test" time="0.015">
                      
                    </testcase>
          <system-out><![CDATA[]]></system-out>
          <system-err><![CDATA[]]></system-err>
        </testsuite>